make all --print-data-base --no-builtin-variables --no-builtin-rules --question
# GNU Make 4.2.1
# Built for x86_64-pc-linux-gnu
# Copyright (C) 1988-2016 Free Software Foundation, Inc.
# License GPLv3+: GNU GPL version 3 or later <http://gnu.org/licenses/gpl.html>
# This is free software: you are free to change and redistribute it.
# There is NO WARRANTY, to the extent permitted by law.

# Make data base, printed on Mon May  9 16:28:15 2022

# Variables

# automatic
<D = $(patsubst %/,%,$(dir $<))
# automatic
?F = $(notdir $?)
# environment
WSLENV = ELECTRON_RUN_AS_NODE/w:WT_SESSION::WT_PROFILE_ID
# default
.SHELLFLAGS := -c
# environment
SETVARS_COMPLETED = 1
# environment
VT_ROOT = /opt/intel/oneapi/itac/2021.5.0
# environment
VSCODE_LOG_NATIVE = false
# environment
VTUNE_PROFILER_2022_DIR = /opt/intel/oneapi/vtune/2022.2.0
# environment
NVM_INC = /home/t98/.nvm/versions/node/v16.14.0/include/node
# automatic
?D = $(patsubst %/,%,$(dir $?))
# environment
ACL_BOARD_VENDOR_PATH = /opt/Intel/OpenCLFPGA/oneAPI/Boards
# environment
FPGA_VARS_DIR = /opt/intel/oneapi/compiler/2022.0.2/linux/lib/oclfpga
# environment
CMPLR_ROOT = /opt/intel/oneapi/compiler/2022.0.2
# automatic
@D = $(patsubst %/,%,$(dir $@))
# environment
CCL_CONFIGURATION = cpu_gpu_dpcpp
# makefile
CURDIR := /home/t98/.tz98-dotfiles
# makefile
SHELL = /bin/sh
# environment
VSCODE_NLS_CONFIG = {"locale":"en","availableLanguages":{}}
# environment
INTEL_LICENSE_FILE = /opt/intel/licenses:/home/t98/intel/licenses:/opt/intel/oneapi/clck/2021.5.1/licensing:/opt/intel/licenses:/home/t98/intel/licenses:/Users/Shared/Library/Application Support/Intel/Licenses
# environment
_ = /mnt/c/Users/tatsu/AppData/Local/Programs/Microsoft VS Code/bin/code
# makefile (from 'Linux.mk', line 1)
MAKEFILE_LIST :=  Makefile Linux.mk
# automatic
@F = $(notdir $@)
# environment
APM = /opt/intel/oneapi/advisor/2022.0.0/perfmodels
# environment
DIAGUTIL_PATH = /opt/intel/oneapi/vtune/2022.2.0/sys_check/vtune_sys_check.py:
# 'override' directive
GNUMAKEFLAGS := 
# environment
TBBROOT = /opt/intel/oneapi/tbb/2021.5.1/env/..
# environment
VSCODE_VERBOSE_LOGGING = true
# environment
IPPCP_TARGET_ARCH = intel64
# environment
INFOPATH = /opt/intel/oneapi/debugger/2021.5.0/gdb/intel64/lib
# environment
CCL_ROOT = /opt/intel/oneapi/ccl/2021.5.1
# environment
FI_PROVIDER_PATH = /opt/intel/oneapi/mpi/2021.5.1//libfabric/lib/prov:/usr/lib64/libfabric
# environment
VSCODE_HANDLES_SIGPIPE = true
# environment
VT_SLIB_DIR = /opt/intel/oneapi/itac/2021.5.0/slib
# environment
VSCODE_CWD = /mnt/c/Users/tatsu/AppData/Local/Programs/Microsoft VS Code
# environment
OCL_ICD_FILENAMES = libintelocl_emu.so:libalteracl.so:/opt/intel/oneapi/compiler/2022.0.2/linux/lib/x64/libintelocl.so
# default
MAKE_HOST := x86_64-pc-linux-gnu
# environment
PATH = /home/t98/.vscode-server/bin/57fd6d0195bb9b9d1b49f6da5db789060795de47/bin/remote-cli:/opt/intel/oneapi/vtune/2022.2.0/bin64:/opt/intel/oneapi/vpl/2022.0.0/bin:/opt/intel/oneapi/mpi/2021.5.1//libfabric/bin:/opt/intel/oneapi/mpi/2021.5.1//bin:/opt/intel/oneapi/mkl/2022.0.2/bin/intel64:/opt/intel/oneapi/itac/2021.5.0/bin:/opt/intel/oneapi/intelpython/latest/bin:/opt/intel/oneapi/intelpython/latest/condabin:/opt/intel/oneapi/inspector/2022.0.0/bin64:/opt/intel/oneapi/dpcpp-ct/2022.0.0/bin:/opt/intel/oneapi/dev-utilities/2021.5.2/bin:/opt/intel/oneapi/debugger/2021.5.0/gdb/intel64/bin:/opt/intel/oneapi/compiler/2022.0.2/linux/lib/oclfpga/bin:/opt/intel/oneapi/compiler/2022.0.2/linux/bin/intel64:/opt/intel/oneapi/compiler/2022.0.2/linux/bin:/opt/intel/oneapi/clck/2021.5.1/bin/intel64:/opt/intel/oneapi/advisor/2022.0.0/bin64:/home/t98/.nvm/versions/node/v16.14.0/bin:/home/t98/.pyenv/bin:/home/t98/.cargo/bin:/usr/local/sbin:/usr/local/bin:/usr/sbin:/usr/bin:/sbin:/bin:/usr/games:/usr/local/games:/usr/lib/wsl/lib:/mnt/c/WINDOWS/system32:/mnt/c/WINDOWS:/mnt/c/WINDOWS/System32/Wbem:/mnt/c/WINDOWS/System32/WindowsPowerShell/v1.0:/mnt/c/WINDOWS/System32/OpenSSH:/mnt/c/Users/tatsu/AppData/Local/Microsoft/WindowsApps:/mnt/c/Users/tatsu/AppData/Local/Programs/Microsoft VS Code/bin
# environment
VTUNE_PROFILER_DIR = /opt/intel/oneapi/vtune/2022.2.0
# environment
CLCK_ROOT = /opt/intel/oneapi/clck/2021.5.1
# environment
XDG_RUNTIME_DIR = /mnt/wslg/runtime-dir
# environment
LIBRARY_PATH = /opt/intel/oneapi/vpl/2022.0.0/lib:/opt/intel/oneapi/tbb/2021.5.1/env/../lib/intel64/gcc4.8:/opt/intel/oneapi/mpi/2021.5.1//libfabric/lib:/opt/intel/oneapi/mpi/2021.5.1//lib/release:/opt/intel/oneapi/mpi/2021.5.1//lib:/opt/intel/oneapi/mkl/2022.0.2/lib/intel64:/opt/intel/oneapi/ippcp/2021.5.1/lib/intel64:/opt/intel/oneapi/ipp/2021.5.2/lib/intel64:/opt/intel/oneapi/dnnl/2022.0.2/cpu_dpcpp_gpu_dpcpp/lib:/opt/intel/oneapi/dal/2021.5.3/lib/intel64:/opt/intel/oneapi/compiler/2022.0.2/linux/compiler/lib/intel64_lin:/opt/intel/oneapi/compiler/2022.0.2/linux/lib:/opt/intel/oneapi/clck/2021.5.1/lib/intel64:/opt/intel/oneapi/ccl/2021.5.1/lib/cpu_gpu_dpcpp
# environment
INTEL_PYTHONHOME = /opt/intel/oneapi/debugger/2021.5.0/dep
# environment
CPATH = /opt/intel/oneapi/vpl/2022.0.0/include:/opt/intel/oneapi/tbb/2021.5.1/env/../include:/opt/intel/oneapi/mpi/2021.5.1//include:/opt/intel/oneapi/mkl/2022.0.2/include:/opt/intel/oneapi/ippcp/2021.5.1/include:/opt/intel/oneapi/ipp/2021.5.2/include:/opt/intel/oneapi/dpl/2021.6.0/linux/include:/opt/intel/oneapi/dpcpp-ct/2022.0.0/include:/opt/intel/oneapi/dnnl/2022.0.2/cpu_dpcpp_gpu_dpcpp/lib:/opt/intel/oneapi/dev-utilities/2021.5.2/include:/opt/intel/oneapi/dal/2021.5.3/include:/opt/intel/oneapi/ccl/2021.5.1/include/cpu_gpu_dpcpp
# environment
NVM_BIN = /home/t98/.nvm/versions/node/v16.14.0/bin
# environment
ONEAPI_ROOT = /opt/intel/oneapi
# environment
CONDA_PREFIX = /opt/intel/oneapi/intelpython/latest
# environment
VSCODE_LOG_STACK = false
# environment
PYENV_ROOT = /home/t98/.pyenv
# environment
VSCODE_IPC_HOOK_CLI = /mnt/wslg/runtime-dir/vscode-ipc-d1296706-666b-48cf-b8d8-59c0d05e2e9a.sock
# default
.FEATURES := target-specific order-only second-expansion else-if shortest-stem undefine oneshell archives jobserver output-sync check-symlink load
# environment
CMAKE_PREFIX_PATH = /opt/intel/oneapi/vpl/2022.0.0:/opt/intel/oneapi/tbb/2021.5.1/env/..:/opt/intel/oneapi/dal/2021.5.3:/opt/intel/oneapi/compiler/2022.0.2/linux/IntelDPCPP
# environment
CPLUS_INCLUDE_PATH = /opt/intel/oneapi/clck/2021.5.1/include
# automatic
%F = $(notdir $%)
# environment
DISPLAY = :0
# environment
CONDA_EXE = /opt/intel/oneapi/intelpython/latest/bin/conda
# environment
VSCODE_PIPE_LOGGING = true
# environment
PWD = /home/t98/.tz98-dotfiles
# default
.LOADED := 
# environment
WSL_INTEROP = /run/WSL/12_interop
# environment
PKG_CONFIG_PATH = /opt/intel/oneapi/vtune/2022.2.0/include/pkgconfig/lib64:/opt/intel/oneapi/vpl/2022.0.0/lib/pkgconfig:/opt/intel/oneapi/tbb/2021.5.1/env/../lib/pkgconfig:/opt/intel/oneapi/mpi/2021.5.1/lib/pkgconfig:/opt/intel/oneapi/mkl/2022.0.2/lib/pkgconfig:/opt/intel/oneapi/ippcp/2021.5.1/lib/pkgconfig:/opt/intel/oneapi/inspector/2022.0.0/include/pkgconfig/lib64:/opt/intel/oneapi/dpl/2021.6.0/lib/pkgconfig:/opt/intel/oneapi/dnnl/2022.0.2/cpu_dpcpp_gpu_dpcpp/../lib/pkgconfig:/opt/intel/oneapi/dal/2021.5.3/lib/pkgconfig:/opt/intel/oneapi/compiler/2022.0.2/lib/pkgconfig:/opt/intel/oneapi/ccl/2021.5.1/lib/pkgconfig:/opt/intel/oneapi/advisor/2022.0.0/include/pkgconfig/lib64:
# environment
DPCT_BUNDLE_ROOT = /opt/intel/oneapi/dpcpp-ct/2022.0.0
# environment
PULSE_SERVER = /mnt/wslg/PulseServer
# environment
DAL_MAJOR_BINARY = 1
# environment
WT_SESSION = 59ef8aa7-156b-4bf0-9789-66ed8c6e8e8a
# environment
MANPATH = /opt/intel/oneapi/mpi/2021.5.1/man:/opt/intel/oneapi/itac/2021.5.0/man:/opt/intel/oneapi/debugger/2021.5.0/documentation/man:/opt/intel/oneapi/compiler/2022.0.2/documentation/en/man/common:/opt/intel/oneapi/clck/2021.5.1/man::
# environment
VSCODE_AMD_ENTRYPOINT = vs/workbench/api/node/extensionHostProcess
# environment
HOME = /home/t98
# environment
VT_LIB_DIR = /opt/intel/oneapi/itac/2021.5.0/lib
# environment
LD_LIBRARY_PATH = /opt/intel/oneapi/vpl/2022.0.0/lib:/opt/intel/oneapi/tbb/2021.5.1/env/../lib/intel64/gcc4.8:/opt/intel/oneapi/mpi/2021.5.1//libfabric/lib:/opt/intel/oneapi/mpi/2021.5.1//lib/release:/opt/intel/oneapi/mpi/2021.5.1//lib:/opt/intel/oneapi/mkl/2022.0.2/lib/intel64:/opt/intel/oneapi/itac/2021.5.0/slib:/opt/intel/oneapi/ippcp/2021.5.1/lib/intel64:/opt/intel/oneapi/ipp/2021.5.2/lib/intel64:/opt/intel/oneapi/dnnl/2022.0.2/cpu_dpcpp_gpu_dpcpp/lib:/opt/intel/oneapi/debugger/2021.5.0/gdb/intel64/lib:/opt/intel/oneapi/debugger/2021.5.0/libipt/intel64/lib:/opt/intel/oneapi/debugger/2021.5.0/dep/lib:/opt/intel/oneapi/dal/2021.5.3/lib/intel64:/opt/intel/oneapi/compiler/2022.0.2/linux/lib:/opt/intel/oneapi/compiler/2022.0.2/linux/lib/x64:/opt/intel/oneapi/compiler/2022.0.2/linux/lib/oclfpga/host/linux64/lib:/opt/intel/oneapi/compiler/2022.0.2/linux/compiler/lib/intel64_lin:/opt/intel/oneapi/ccl/2021.5.1/lib/cpu_gpu_dpcpp
# environment
VT_ADD_LIBS = -ldwarf -lelf -lvtunwind -lm -lpthread
# environment
VT_MPI = impi4
# environment
IPP_TARGET_ARCH = intel64
# environment
LOGNAME = t98
# environment
APPLICATION_INSIGHTS_NO_DIAGNOSTIC_CHANNEL = 1
# environment
CONDA_PROMPT_MODIFIER = (intelpython-python3.9) 
# environment
NVM_CD_FLAGS = -q
# environment
VSCODE_HANDLES_UNCAUGHT_ERRORS = true
# automatic
^D = $(patsubst %/,%,$(dir $^))
# environment
MAKELEVEL := 0
# environment
CONDA_DEFAULT_ENV = intelpython-python3.9
# default
MAKE = $(MAKE_COMMAND)
# environment
FPGA_VARS_ARGS = 
# default
MAKECMDGOALS := all
# environment
CONDA_SHLVL = 1
# environment
SHLVL = 1
# makefile (from 'Makefile', line 4)
UNAME := Linux
# default
MAKE_VERSION := 4.2.1
# environment
USER = t98
# environment
MKLROOT = /opt/intel/oneapi/mkl/2022.0.2
# makefile
.DEFAULT_GOAL := all
# environment
NAME = Code
# environment
CLASSPATH = /opt/intel/oneapi/mpi/2021.5.1//lib/mpi.jar:/opt/intel/oneapi/dal/2021.5.3/lib/onedal.jar
# automatic
%D = $(patsubst %/,%,$(dir $%))
# environment
VSCODE_WSL_EXT_LOCATION = /mnt/c/Users/tatsu/.vscode/extensions/ms-vscode-remote.remote-wsl-0.66.2
# default
MAKE_COMMAND := make
# environment
OLDPWD = /mnt/c/Users/tatsu/AppData/Local/Programs/Microsoft VS Code
# default
.VARIABLES := 
# automatic
*F = $(notdir $*)
# environment
DNNLROOT = /opt/intel/oneapi/dnnl/2022.0.2/cpu_dpcpp_gpu_dpcpp
# environment
PYTHONPATH = /opt/intel/oneapi/advisor/2022.0.0/pythonapi
# makefile
MAKEFLAGS = pqrR
# environment
MFLAGS = -pqrR
# automatic
*D = $(patsubst %/,%,$(dir $*))
# environment
NVM_DIR = /home/t98/.nvm
# environment
INSPECTOR_2022_DIR = /opt/intel/oneapi/inspector/2022.0.0
# automatic
+D = $(patsubst %/,%,$(dir $+))
# environment
DALROOT = /opt/intel/oneapi/dal/2021.5.3
# environment
DPL_ROOT = /opt/intel/oneapi/dpl/2021.6.0
# automatic
+F = $(notdir $+)
# environment
I_MPI_ROOT = /opt/intel/oneapi/mpi/2021.5.1
# environment
IPPROOT = /opt/intel/oneapi/ipp/2021.5.2
# environment
WT_PROFILE_ID = {2c4de342-38b7-51cf-b940-2309a097f518}
# environment
ADVISOR_2022_DIR = /opt/intel/oneapi/advisor/2022.0.0
# 'override' directive
.SHELLSTATUS := 0
# default
MAKEFILES := 
# environment
DAL_MINOR_BINARY = 1
# automatic
<F = $(notdir $<)
# environment
GDB_INFO = /opt/intel/oneapi/debugger/2021.5.0/documentation/info/
# environment
LC_ALL = C
# environment
CONDA_PYTHON_EXE = /opt/intel/oneapi/intelpython/latest/bin/python
# environment
DAALROOT = /opt/intel/oneapi/dal/2021.5.3
# environment
HOSTTYPE = x86_64
# automatic
^F = $(notdir $^)
# default
SUFFIXES := 
# environment
WAYLAND_DISPLAY = wayland-0
# environment
_CE_M = 
# environment
NLSPATH = /opt/intel/oneapi/mkl/2022.0.2/lib/intel64/locale/%l_%t/%N:/opt/intel/oneapi/compiler/2022.0.2/linux/compiler/lib/intel64_lin/locale/%l_%t/%N
# environment
INTELFPGAOCLSDKROOT = /opt/intel/oneapi/compiler/2022.0.2/linux/lib/oclfpga
# default
.INCLUDE_DIRS = /usr/include /usr/local/include /usr/include
# default
.RECIPEPREFIX := 
# environment
 
LANG = C
# environment
TERM = xterm-256color
# environment
VSCODE_EXTHOST_WILL_SEND_SOCKET = true
# environment
WSL_DISTRO_NAME = Ubuntu
# environment
_CE_CONDA = 
# environment
IPPCRYPTOROOT = /opt/intel/oneapi/ippcp/2021.5.1
# variable set hash-table stats:
# Load=136/1024=13%, Rehash=0, Collisions=13/180=7%

# Pattern-specific Variable Values

# No pattern-specific variable values.

# Directories

# . (device 2080, inode 918): 18 files, no impossibilities.
# configs (device 2080, inode 12542): 6 files, no impossibilities.
# local_configs (device 2080, inode 13994): 5 files, no impossibilities.

# 29 files, no impossibilities in 3 directories.

# Implicit Rules

# No implicit rules.

# Files

# Not a target:
zshrc:
#  Implicit rule search has been done.
#  Last modified 2022-03-13 17:20:39.063948986
#  File has been updated.
#  Successfully updated.

all: /home/t98/.zshrc /home/t98/.vimrc local_configs/style.zsh
#  Phony target (prerequisite of .PHONY).
#  Command line target.
#  Implicit rule search has not been done.
#  File does not exist.
#  File has been updated.
#  Needs to be updated (-q is set).
# variable set hash-table stats:
# Load=0/32=0%, Rehash=0, Collisions=0/6=0%

.PHONY: all
#  Implicit rule search has not been done.
#  Modification time never checked.
#  File has not been updated.

# 'override' directive
/home/t98/.zshrc: .SHELLSTATUS := 0
/home/t98/.zshrc: zshrc configs/env.zsh configs/opt.zsh configs/alias.zsh local_configs/style.zsh local_configs/alias.zsh
#  Implicit rule search has not been done.
#  Implicit/static pattern stem: ''
#  Last modified 2022-03-13 17:20:46.493949049
#  File has been updated.
#  Needs to be updated (-q is set).
# automatic
# @ := /home/t98/.zshrc
# automatic
# % := 
# automatic
# * := 
# automatic
# + := zshrc configs/env.zsh configs/opt.zsh configs/alias.zsh local_configs/style.zsh local_configs/alias.zsh
# automatic
# | := 
# automatic
# < := zshrc
# automatic
# ^ := zshrc configs/env.zsh configs/opt.zsh configs/alias.zsh local_configs/style.zsh local_configs/alias.zsh
# automatic
# ? := configs/env.zsh configs/alias.zsh local_configs/style.zsh local_configs/alias.zsh
# variable set hash-table stats:
# Load=9/32=28%, Rehash=0, Collisions=3/17=18%
#  recipe to execute (from 'Makefile', line 34):
	echo "ZSH_HOME=$(shell pwd)" > $@
	cat zshrc >> $@

# Not a target:
.SUFFIXES:
#  Implicit rule search has not been done.
#  Modification time never checked.
#  File has not been updated.

# Not a target:
Makefile:
#  Implicit rule search has been done.
#  Last modified 2022-03-13 17:20:39.063948986
#  File has been updated.
#  Successfully updated.

# Not a target:
vimrc:
#  Implicit rule search has not been done.
#  Modification time never checked.
#  File has not been updated.

/home/t98/.vimrc: vimrc
#  Implicit rule search has not been done.
#  Modification time never checked.
#  File has not been updated.
#  recipe to execute (from 'Makefile', line 38):
	install vimrc $@

# Not a target:
local_configs/alias.zsh:
#  Implicit rule search has been done.
#  Last modified 2022-03-18 19:46:50.664711425
#  File has been updated.
#  Successfully updated.

# Not a target:
configs/opt.zsh:
#  Implicit rule search has been done.
#  Last modified 2021-12-26 00:22:25.151243322
#  File has been updated.
#  Successfully updated.

# Not a target:
.DEFAULT:
#  Implicit rule search has not been done.
#  Modification time never checked.
#  File has not been updated.

# Not a target:
configs/alias.zsh:
#  Implicit rule search has been done.
#  Last modified 2022-05-09 16:26:27.328282488
#  File has been updated.
#  Successfully updated.

# Not a target:
Linux.mk:
#  Implicit rule search has been done.
#  Last modified 2021-12-26 00:22:25.151243322
#  File has been updated.
#  Successfully updated.

local_configs/style.zsh: style.zsh style.zsh
#  Implicit rule search has not been done.
#  Last modified 2022-03-13 17:21:21.123949339
#  File has been updated.
#  Successfully updated.
#  recipe to execute (from 'Makefile', line 41):
	install style.zsh $@

# Not a target:
configs/env.zsh:
#  Implicit rule search has been done.
#  Last modified 2022-05-09 16:27:30.298281564
#  File has been updated.
#  Successfully updated.

# Not a target:
style.zsh:
#  Implicit rule search has been done.
#  Last modified 2022-03-13 17:20:39.063948986
#  File has been updated.
#  Successfully updated.

# files hash-table stats:
# Load=16/1024=2%, Rehash=0, Collisions=0/48=0%
# VPATH Search Paths

# No 'vpath' search paths.

# No general ('VPATH' variable) search path.

# strcache buffers: 1 (0) / strings = 34 / storage = 383 B / avg = 11 B
# current buf: size = 8162 B / used = 383 B / count = 34 / avg = 11 B

# strcache performance: lookups = 72 / hit rate = 52%
# hash-table stats:
# Load=34/8192=0%, Rehash=0, Collisions=3/72=4%
# Finished Make data base on Mon May  9 16:28:15 2022

 
